Start testing: Jul 18 02:01 Paris, Madrid (heure d’été)
----------------------------------------------------------
1/5 Testing: smartparallel_v1_phase1_regret_weighted_ranker
1/5 Test: smartparallel_v1_phase1_regret_weighted_ranker
Command: "D:/Projects/SmartParallel/build_v1_phase1/smartparallel_v1_phase1_regret_weighted_ranker.exe"
Directory: D:/Projects/SmartParallel/build_v1_phase1
"smartparallel_v1_phase1_regret_weighted_ranker" start time: Jul 18 02:01 Paris, Madrid (heure d’été)
Output:
----------------------------------------------------------
Phase 1 regret-weighted ranker tests passed.
<end of output>
Test time =   0.04 sec
----------------------------------------------------------
Test Passed.
"smartparallel_v1_phase1_regret_weighted_ranker" end time: Jul 18 02:01 Paris, Madrid (heure d’été)
"smartparallel_v1_phase1_regret_weighted_ranker" time elapsed: 00:00:00
----------------------------------------------------------

2/5 Testing: smartparallel_v1_phase1_regret_metrics
2/5 Test: smartparallel_v1_phase1_regret_metrics
Command: "D:/Projects/SmartParallel/build_v1_phase1/smartparallel_v1_phase1_regret_metrics.exe"
Directory: D:/Projects/SmartParallel/build_v1_phase1
"smartparallel_v1_phase1_regret_metrics" start time: Jul 18 02:01 Paris, Madrid (heure d’été)
Output:
----------------------------------------------------------
Phase 1 regret metric tests passed.
<end of output>
Test time =   0.04 sec
----------------------------------------------------------
Test Passed.
"smartparallel_v1_phase1_regret_metrics" end time: Jul 18 02:01 Paris, Madrid (heure d’été)
"smartparallel_v1_phase1_regret_metrics" time elapsed: 00:00:00
----------------------------------------------------------

3/5 Testing: smartparallel_v1_phase1_decision_context
3/5 Test: smartparallel_v1_phase1_decision_context
Command: "D:/Projects/SmartParallel/build_v1_phase1/smartparallel_v1_phase1_decision_context.exe"
Directory: D:/Projects/SmartParallel/build_v1_phase1
"smartparallel_v1_phase1_decision_context" start time: Jul 18 02:01 Paris, Madrid (heure d’été)
Output:
----------------------------------------------------------
<end of output>
Test time =   0.03 sec
----------------------------------------------------------
Test Passed.
"smartparallel_v1_phase1_decision_context" end time: Jul 18 02:01 Paris, Madrid (heure d’été)
"smartparallel_v1_phase1_decision_context" time elapsed: 00:00:00
----------------------------------------------------------

4/5 Testing: smartparallel_v1_phase1_model_persistence
4/5 Test: smartparallel_v1_phase1_model_persistence
Command: "D:/Projects/SmartParallel/build_v1_phase1/smartparallel_v1_phase1_model_persistence.exe"
Directory: D:/Projects/SmartParallel/build_v1_phase1
"smartparallel_v1_phase1_model_persistence" start time: Jul 18 02:01 Paris, Madrid (heure d’été)
Output:
----------------------------------------------------------
<end of output>
Test time =   0.04 sec
----------------------------------------------------------
Test Passed.
"smartparallel_v1_phase1_model_persistence" end time: Jul 18 02:01 Paris, Madrid (heure d’été)
"smartparallel_v1_phase1_model_persistence" time elapsed: 00:00:00
----------------------------------------------------------

5/5 Testing: smartparallel_v1_phase1_hybrid_runtime
5/5 Test: smartparallel_v1_phase1_hybrid_runtime
Command: "D:/Projects/SmartParallel/build_v1_phase1/smartparallel_v1_phase1_hybrid_runtime.exe"
Directory: D:/Projects/SmartParallel/build_v1_phase1
"smartparallel_v1_phase1_hybrid_runtime" start time: Jul 18 02:01 Paris, Madrid (heure d’été)
Output:
----------------------------------------------------------
<end of output>
Test time =   0.01 sec
----------------------------------------------------------
Test Passed.
"smartparallel_v1_phase1_hybrid_runtime" end time: Jul 18 02:01 Paris, Madrid (heure d’été)
"smartparallel_v1_phase1_hybrid_runtime" time elapsed: 00:00:00
----------------------------------------------------------

End testing: Jul 18 02:01 Paris, Madrid (heure d’été)
