Start testing: Jul 18 00:34 Paris, Madrid (heure d’été)
----------------------------------------------------------
1/3 Testing: smartparallel_v1_phase1_regret_weighted_ranker
1/3 Test: smartparallel_v1_phase1_regret_weighted_ranker
Command: "D:/Projects/SmartParallel/build_v1_phase1/smartparallel_v1_phase1_regret_weighted_ranker.exe"
Directory: D:/Projects/SmartParallel/build_v1_phase1
"smartparallel_v1_phase1_regret_weighted_ranker" start time: Jul 18 00:34 Paris, Madrid (heure d’été)
Output:
----------------------------------------------------------
Phase 1 regret-weighted ranker tests passed.
<end of output>
Test time =   0.03 sec
----------------------------------------------------------
Test Passed.
"smartparallel_v1_phase1_regret_weighted_ranker" end time: Jul 18 00:34 Paris, Madrid (heure d’été)
"smartparallel_v1_phase1_regret_weighted_ranker" time elapsed: 00:00:00
----------------------------------------------------------

2/3 Testing: smartparallel_v1_phase1_regret_metrics
2/3 Test: smartparallel_v1_phase1_regret_metrics
Command: "D:/Projects/SmartParallel/build_v1_phase1/smartparallel_v1_phase1_regret_metrics.exe"
Directory: D:/Projects/SmartParallel/build_v1_phase1
"smartparallel_v1_phase1_regret_metrics" start time: Jul 18 00:34 Paris, Madrid (heure d’été)
Output:
----------------------------------------------------------
Phase 1 regret metric tests passed.
<end of output>
Test time =   0.03 sec
----------------------------------------------------------
Test Passed.
"smartparallel_v1_phase1_regret_metrics" end time: Jul 18 00:34 Paris, Madrid (heure d’été)
"smartparallel_v1_phase1_regret_metrics" time elapsed: 00:00:00
----------------------------------------------------------

3/3 Testing: smartparallel_v1_phase1_decision_context
3/3 Test: smartparallel_v1_phase1_decision_context
Command: "D:/Projects/SmartParallel/build_v1_phase1/smartparallel_v1_phase1_decision_context.exe"
Directory: D:/Projects/SmartParallel/build_v1_phase1
"smartparallel_v1_phase1_decision_context" start time: Jul 18 00:34 Paris, Madrid (heure d’été)
Output:
----------------------------------------------------------
<end of output>
Test time =   0.03 sec
----------------------------------------------------------
Test Passed.
"smartparallel_v1_phase1_decision_context" end time: Jul 18 00:34 Paris, Madrid (heure d’été)
"smartparallel_v1_phase1_decision_context" time elapsed: 00:00:00
----------------------------------------------------------

End testing: Jul 18 00:34 Paris, Madrid (heure d’été)
