Start testing: Aug 01 16:38 Paris, Madrid (heure d’été)
----------------------------------------------------------
1/1 Testing: smartparallel_vision_package_consumer
1/1 Test: smartparallel_vision_package_consumer
Command: "D:/Projects/SmartParallel/validation/output/v1.7.0_reproducible_runtime/publication_20260801_163238/package-consumer-vision-build/smartparallel_vision_package_consumer.exe"
Directory: D:/Projects/SmartParallel/validation/output/v1.7.0_reproducible_runtime/publication_20260801_163238/package-consumer-vision-build
"smartparallel_vision_package_consumer" start time: Aug 01 16:38 Paris, Madrid (heure d’été)
Output:
----------------------------------------------------------
SmartParallel 1.7.0 installed Vision profile consumer passed
<end of output>
Test time =   0.04 sec
----------------------------------------------------------
Test Passed.
"smartparallel_vision_package_consumer" end time: Aug 01 16:38 Paris, Madrid (heure d’été)
"smartparallel_vision_package_consumer" time elapsed: 00:00:00
----------------------------------------------------------

End testing: Aug 01 16:38 Paris, Madrid (heure d’été)
